<?xml version="1.0" encoding="UTF-8"?>
<robot generator="Robot 7.2 (Python 3.11.9 on win32)" generated="2025-02-27T07:45:49.612036" rpa="false" schemaversion="5">
<suite id="s1" name="FourmTests" source="C:\Users\BrodyE\QACommunity\Robot_tests\FourmTests.robot">
<test id="s1-t1" name="Fourm Test" line="7">
<msg time="2025-02-27T07:49:25.888596" level="INFO">${DataDriver_TEST_DATA} = {'ERROR': 'Test Case not found...'}</msg>
<status status="FAIL" start="2025-02-27T07:49:25.882052" elapsed="0.007542">Test cannot be empty.</status>
</test>
<doc>This Data driven test for a Fourm</doc>
<status status="FAIL" start="2025-02-27T07:45:49.627113" elapsed="216.271014"/>
</suite>
<statistics>
<total>
<stat pass="0" fail="1" skip="0">All Tests</stat>
</total>
<tag>
</tag>
<suite>
<stat name="FourmTests" id="s1" pass="0" fail="1" skip="0">FourmTests</stat>
</suite>
</statistics>
<errors>
<msg time="2025-02-27T07:45:49.878032" level="WARN">Error in file 'C:\Users\BrodyE\QACommunity\Robot_tests\resource.robot' on line 81: The '[Return]' setting is deprecated. Use the 'RETURN' statement instead.</msg>
<msg time="2025-02-27T07:45:49.890582" level="WARN">Error in file 'C:\Users\BrodyE\QACommunity\Robot_tests\resource.robot' on line 85: The '[Return]' setting is deprecated. Use the 'RETURN' statement instead.</msg>
<msg time="2025-02-27T07:45:49.897129" level="WARN">Error in file 'C:\Users\BrodyE\QACommunity\Robot_tests\resource.robot' on line 90: The '[Return]' setting is deprecated. Use the 'RETURN' statement instead.</msg>
<msg time="2025-02-27T07:45:49.898129" level="WARN">Error in file 'C:\Users\BrodyE\QACommunity\Robot_tests\resource.robot' on line 95: The '[Return]' setting is deprecated. Use the 'RETURN' statement instead.</msg>
<msg time="2025-02-27T07:49:25.850927" level="ERROR">[ DataDriver ] Error in robot file:
  File "C:\Users\BrodyE\QACommunity\Robot_tests\FourmTests.robot", line 0</msg>
<msg time="2025-02-27T07:49:25.865498" level="ERROR">In source file:
  File "testdata_excel.xlsx", line 0</msg>
<msg time="2025-02-27T07:49:25.881054" level="ERROR">Calling method '_start_suite' of listener 'DataDriver' failed: ValueError: Unassigned requiered argument detected: ${FirstName}.</msg>
</errors>
</robot>
